<?xml version="1.0" encoding="UTF-8"?>
<!-- Generated by org.testng.reporters.JUnitXMLReporter -->
<testsuite ignored="21" hostname="VP-MACHINE" failures="2" tests="9" name="Test" time="373.716" errors="0" timestamp="2022-01-05T07:52:17 IST">
  <testcase classname="com.selenium.base.BaseClass" name="@AfterMethod getResult" time="0.42">
    <failure type="java.lang.NullPointerException" message="Cannot invoke &amp;quot;com.aventstack.extentreports.ExtentTest.fail(java.lang.Throwable)&amp;quot; because &amp;quot;this.extenttest&amp;quot; is null">
      <![CDATA[java.lang.NullPointerException: Cannot invoke "com.aventstack.extentreports.ExtentTest.fail(java.lang.Throwable)" because "this.extenttest" is null
at com.selenium.base.BaseClass.getResult(BaseClass.java:98)
at java.base/java.util.ArrayList.forEach(ArrayList.java:1511)
... Removed 32 stack frames]]>
    </failure>
  </testcase> <!-- @AfterMethod getResult -->
  <testcase classname="com.selenium.base.BaseClass" name="@BeforeMethod setup" time="-1.641349213444E9">
    <skipped/>
  </testcase> <!-- @BeforeMethod setup -->
  <testcase classname="com.selenium.base.BaseClass" name="@AfterMethod getResult" time="-1.641349213448E9">
    <skipped/>
  </testcase> <!-- @AfterMethod getResult -->
  <testcase classname="com.selenium.base.BaseClass" name="@AfterMethod getResult" time="0.316">
    <failure type="java.lang.NullPointerException" message="Cannot invoke &amp;quot;com.aventstack.extentreports.ExtentTest.fail(java.lang.Throwable)&amp;quot; because &amp;quot;this.extenttest&amp;quot; is null">
      <![CDATA[java.lang.NullPointerException: Cannot invoke "com.aventstack.extentreports.ExtentTest.fail(java.lang.Throwable)" because "this.extenttest" is null
at com.selenium.base.BaseClass.getResult(BaseClass.java:98)
at java.base/java.util.ArrayList.forEach(ArrayList.java:1511)
... Removed 32 stack frames]]>
    </failure>
  </testcase> <!-- @AfterMethod getResult -->
  <testcase classname="com.selenium.testcases.LoginPageTest" name="loginTest" time="17.699"/>
  <testcase classname="com.selenium.testcases.OrderPageTest" name="verifyTotalPrice" time="29.695"/>
  <testcase classname="com.selenium.testcases.AddToCartPageTest" name="addToCartTest" time="12.692"/>
  <testcase classname="com.selenium.testcases.IndextPgaeTest" name="verifyLogo" time="0.002">
    <failure type="java.lang.NullPointerException" message="Cannot invoke &amp;quot;com.aventstack.extentreports.ExtentReports.createTest(String)&amp;quot; because &amp;quot;this.extentreports&amp;quot; is null">
      <![CDATA[java.lang.NullPointerException: Cannot invoke "com.aventstack.extentreports.ExtentReports.createTest(String)" because "this.extentreports" is null
at com.selenium.testcases.IndextPgaeTest.verifyLogo(IndextPgaeTest.java:20)
at java.base/java.util.ArrayList.forEach(ArrayList.java:1511)
... Removed 27 stack frames]]>
    </failure>
  </testcase> <!-- verifyLogo -->
  <testcase classname="com.selenium.testcases.IndextPgaeTest" name="verifyTitle" time="0.0">
    <skipped/>
  </testcase> <!-- verifyTitle -->
  <testcase classname="com.selenium.testcases.HomePageTest" name="orderHistoryAndWishList" time="15.096"/>
  <testcase classname="com.selenium.testcases.SearchResultPageTest" name="productAvailabilityTest" time="7.148"/>
  <testcase classname="com.selenium.testcases.EndToEndTest" name="endToEndTest" time="0.001">
    <failure type="java.lang.NullPointerException" message="Cannot invoke &amp;quot;com.aventstack.extentreports.ExtentReports.createTest(String)&amp;quot; because &amp;quot;this.extentreports&amp;quot; is null">
      <![CDATA[java.lang.NullPointerException: Cannot invoke "com.aventstack.extentreports.ExtentReports.createTest(String)" because "this.extentreports" is null
at com.selenium.testcases.EndToEndTest.endToEndTest(EndToEndTest.java:34)
at java.base/java.util.ArrayList.forEach(ArrayList.java:1511)
... Removed 27 stack frames]]>
    </failure>
  </testcase> <!-- endToEndTest -->
  <testcase classname="com.selenium.testcases.AcocuntCreationPageTest" name="verifyAcountCreationPage" time="9.227"/>
  <testcase classname="com.selenium.base.BaseClass" name="@AfterSuite endreport" time="0.0">
    <ignored/>
  </testcase> <!-- @AfterSuite endreport -->
  <testcase classname="com.selenium.base.BaseClass" name="@AfterSuite endreport" time="0.0">
    <ignored/>
  </testcase> <!-- @AfterSuite endreport -->
  <testcase classname="com.selenium.base.BaseClass" name="@AfterSuite endreport" time="0.0">
    <ignored/>
  </testcase> <!-- @AfterSuite endreport -->
  <testcase classname="com.selenium.base.BaseClass" name="@AfterSuite endreport" time="0.0">
    <ignored/>
  </testcase> <!-- @AfterSuite endreport -->
  <testcase classname="com.selenium.base.BaseClass" name="@AfterSuite endreport" time="0.0">
    <ignored/>
  </testcase> <!-- @AfterSuite endreport -->
  <testcase classname="com.selenium.base.BaseClass" name="@AfterSuite endreport" time="0.0">
    <ignored/>
  </testcase> <!-- @AfterSuite endreport -->
  <testcase classname="com.selenium.base.BaseClass" name="@AfterSuite endreport" time="0.0">
    <ignored/>
  </testcase> <!-- @AfterSuite endreport -->
  <testcase classname="com.selenium.base.BaseClass" name="@BeforeSuite reportsetup" time="0.0">
    <ignored/>
  </testcase> <!-- @BeforeSuite reportsetup -->
  <testcase classname="com.selenium.base.BaseClass" name="@BeforeSuite reportsetup" time="0.0">
    <ignored/>
  </testcase> <!-- @BeforeSuite reportsetup -->
  <testcase classname="com.selenium.base.BaseClass" name="@BeforeSuite reportsetup" time="0.0">
    <ignored/>
  </testcase> <!-- @BeforeSuite reportsetup -->
  <testcase classname="com.selenium.base.BaseClass" name="@BeforeSuite reportsetup" time="0.0">
    <ignored/>
  </testcase> <!-- @BeforeSuite reportsetup -->
  <testcase classname="com.selenium.base.BaseClass" name="@BeforeSuite reportsetup" time="0.0">
    <ignored/>
  </testcase> <!-- @BeforeSuite reportsetup -->
  <testcase classname="com.selenium.base.BaseClass" name="@BeforeSuite reportsetup" time="0.0">
    <ignored/>
  </testcase> <!-- @BeforeSuite reportsetup -->
  <testcase classname="com.selenium.base.BaseClass" name="@BeforeSuite reportsetup" time="0.0">
    <ignored/>
  </testcase> <!-- @BeforeSuite reportsetup -->
  <testcase classname="com.selenium.base.BaseClass" name="@BeforeTest loadConfigFile" time="0.0">
    <ignored/>
  </testcase> <!-- @BeforeTest loadConfigFile -->
  <testcase classname="com.selenium.base.BaseClass" name="@BeforeTest loadConfigFile" time="0.0">
    <ignored/>
  </testcase> <!-- @BeforeTest loadConfigFile -->
  <testcase classname="com.selenium.base.BaseClass" name="@BeforeTest loadConfigFile" time="0.0">
    <ignored/>
  </testcase> <!-- @BeforeTest loadConfigFile -->
  <testcase classname="com.selenium.base.BaseClass" name="@BeforeTest loadConfigFile" time="0.0">
    <ignored/>
  </testcase> <!-- @BeforeTest loadConfigFile -->
  <testcase classname="com.selenium.base.BaseClass" name="@BeforeTest loadConfigFile" time="0.0">
    <ignored/>
  </testcase> <!-- @BeforeTest loadConfigFile -->
  <testcase classname="com.selenium.base.BaseClass" name="@BeforeTest loadConfigFile" time="0.0">
    <ignored/>
  </testcase> <!-- @BeforeTest loadConfigFile -->
  <testcase classname="com.selenium.base.BaseClass" name="@BeforeTest loadConfigFile" time="0.0">
    <ignored/>
  </testcase> <!-- @BeforeTest loadConfigFile -->
</testsuite> <!-- Test -->
